#
# There is insufficient memory for the Java Runtime Environment to continue.
# Native memory allocation (malloc) failed to allocate 32744 bytes for ChunkPool::allocate
# Possible reasons:
#   The system is out of physical RAM or swap space
#   In 32 bit mode, the process size limit was hit
# Possible solutions:
#   Reduce memory load on the system
#   Increase physical memory or swap space
#   Check if swap backing store is full
#   Use 64 bit Java on a 64 bit OS
#   Decrease Java heap size (-Xmx/-Xms)
#   Decrease number of Java threads
#   Decrease Java thread stack sizes (-Xss)
#   Set larger code cache with -XX:ReservedCodeCacheSize=
# This output file may be truncated or incomplete.
#
#  Out of Memory Error (allocation.cpp:273), pid=3252, tid=0x00000000000013c0
#
# JRE version: Java(TM) SE Runtime Environment (8.0_141-b15) (build 1.8.0_141-b15)
# Java VM: Java HotSpot(TM) 64-Bit Server VM (25.141-b15 mixed mode windows-amd64 compressed oops)
# Failed to write core dump. Minidumps are not enabled by default on client versions of Windows
#

---------------  T H R E A D  ---------------

Current thread (0x0000000015620800):  JavaThread "C1 CompilerThread2" daemon [_thread_in_native, id=5056, stack(0x0000000016e90000,0x0000000016f90000)]

Stack: [0x0000000016e90000,0x0000000016f90000]
[error occurred during error reporting (printing stack bounds), id 0xc0000005]

Native frames: (J=compiled Java code, j=interpreted, Vv=VM code, C=native code)


Current CompileTask:
C1:    393  164       3       jdk.internal.org.objectweb.asm.Frame::execute (2252 bytes)


---------------  P R O C E S S  ---------------

Java Threads: ( => current thread )
  0x0000000016fba800 JavaThread "Service Thread" daemon [_thread_blocked, id=5724, stack(0x0000000017390000,0x0000000017490000)]
=>0x0000000015620800 JavaThread "C1 CompilerThread2" daemon [_thread_in_native, id=5056, stack(0x0000000016e90000,0x0000000016f90000)]
  0x000000001561e000 JavaThread "C2 CompilerThread1" daemon [_thread_blocked, id=3552, stack(0x0000000016d90000,0x0000000016e90000)]
  0x0000000015628800 JavaThread "C2 CompilerThread0" daemon [_thread_in_native, id=7632, stack(0x0000000016c90000,0x0000000016d90000)]
  0x0000000015627000 JavaThread "Attach Listener" daemon [_thread_blocked, id=6268, stack(0x0000000016b90000,0x0000000016c90000)]
  0x0000000015626000 JavaThread "Signal Dispatcher" daemon [_thread_blocked, id=7036, stack(0x0000000016a90000,0x0000000016b90000)]
  0x000000000302d800 JavaThread "Finalizer" daemon [_thread_blocked, id=8036, stack(0x0000000016880000,0x0000000016980000)]
  0x0000000003022000 JavaThread "Reference Handler" daemon [_thread_blocked, id=648, stack(0x0000000016780000,0x0000000016880000)]
  0x0000000002f31000 JavaThread "main" [_thread_in_Java, id=8128, stack(0x0000000002e30000,0x0000000002f30000)]

Other Threads:
  0x00000000155e7000 VMThread [stack: 0x0000000016680000,0x0000000016780000] [id=284]
  0x0000000016fdd800 WatcherThread [stack: 0x00000000175e0000,0x00000000176e0000] [id=148]

VM state:not at safepoint (normal execution)

VM Mutex/Monitor currently owned by a thread: None

Heap:
 PSYoungGen      total 18944K, used 1972K [0x00000000eb300000, 0x00000000ec800000, 0x0000000100000000)
  eden space 16384K, 12% used [0x00000000eb300000,0x00000000eb4ed118,0x00000000ec300000)
  from space 2560K, 0% used [0x00000000ec580000,0x00000000ec580000,0x00000000ec800000)
  to   space 2560K, 0% used [0x00000000ec300000,0x00000000ec300000,0x00000000ec580000)
 ParOldGen       total 44032K, used 0K [0x00000000c1800000, 0x00000000c4300000, 0x00000000eb300000)
  object space 44032K, 0% used [0x00000000c1800000,0x00000000c1800000,0x00000000c4300000)
 Metaspace       used 4176K, capacity 4704K, committed 4992K, reserved 1056768K
  class space    used 471K, capacity 543K, committed 640K, reserved 1048576K

Card table byte_map: [0x00000000123f0000,0x00000000125f0000] byte_map_base: 0x0000000011de4000

Marking Bits: (ParMarkBitMap*) 0x00000000521bd850
 Begin Bits: [0x0000000012b40000, 0x0000000013ae0000)
 End Bits:   [0x0000000013ae0000, 0x0000000014a80000)

Polling page: 0x0000000001620000

CodeCache: size=245760Kb used=1334Kb max_used=1334Kb free=244425Kb
 bounds [0x0000000003030000, 0x00000000032a0000, 0x0000000012030000]
 total_blobs=434 nmethods=170 adapters=178
 compilation: enabled

Compilation events (10 events):
Event: 0.375 Thread 0x0000000015620800  155       3       java.util.Arrays$ArrayList::size (6 bytes)
Event: 0.376 Thread 0x0000000015620800 nmethod 155 0x00000000031759d0 code [0x0000000003175b20, 0x0000000003175c70]
Event: 0.376 Thread 0x0000000015620800  156       1       java.lang.invoke.MethodHandle::type (5 bytes)
Event: 0.376 Thread 0x0000000015620800 nmethod 156 0x0000000003175590 code [0x00000000031756e0, 0x00000000031757f0]
Event: 0.376 Thread 0x0000000015620800  158       3       jdk.internal.org.objectweb.asm.Type::getArgumentsAndReturnSizes (151 bytes)
Event: 0.378 Thread 0x0000000015620800 nmethod 158 0x0000000003178250 code [0x0000000003178480, 0x0000000003179218]
Event: 0.378 Thread 0x0000000015620800  159       3       java.lang.invoke.InvokerBytecodeGenerator::isStaticallyNameable (116 bytes)
Event: 0.382 Thread 0x0000000015620800 nmethod 159 0x0000000003179a50 code [0x0000000003179dc0, 0x000000000317be98]
Event: 0.382 Thread 0x0000000015620800  164       3       jdk.internal.org.objectweb.asm.Frame::execute (2252 bytes)
Event: 0.389 Thread 0x0000000015628800  177       4       jdk.internal.org.objectweb.asm.ByteVector::putUTF8 (142 bytes)

GC Heap History (0 events):
No events

Deoptimization events (0 events):
No events

Internal exceptions (9 events):
Event: 0.069 Thread 0x0000000002f31000 Exception <a 'java/lang/NoSuchMethodError': Method sun.misc.Unsafe.defineClass(Ljava/lang/String;[BII)Ljava/lang/Class; name or signature does not match> (0x00000000eb307ca8) thrown at [C:\re\workspace\8-2-build-windows-amd64-cygwin\jdk8u141\9370\hotspot\
Event: 0.069 Thread 0x0000000002f31000 Exception <a 'java/lang/NoSuchMethodError': Method sun.misc.Unsafe.prefetchRead(Ljava/lang/Object;J)V name or signature does not match> (0x00000000eb307f90) thrown at [C:\re\workspace\8-2-build-windows-amd64-cygwin\jdk8u141\9370\hotspot\src\share\vm\prims
Event: 0.205 Thread 0x0000000002f31000 Exception <a 'java/io/FileNotFoundException'> (0x00000000eb359378) thrown at [C:\re\workspace\8-2-build-windows-amd64-cygwin\jdk8u141\9370\hotspot\src\share\vm\prims\jni.cpp, line 709]
Event: 0.270 Thread 0x0000000002f31000 Exception <a 'java/security/PrivilegedActionException'> (0x00000000eb390310) thrown at [C:\re\workspace\8-2-build-windows-amd64-cygwin\jdk8u141\9370\hotspot\src\share\vm\prims\jvm.cpp, line 1390]
Event: 0.270 Thread 0x0000000002f31000 Exception <a 'java/security/PrivilegedActionException'> (0x00000000eb390520) thrown at [C:\re\workspace\8-2-build-windows-amd64-cygwin\jdk8u141\9370\hotspot\src\share\vm\prims\jvm.cpp, line 1390]
Event: 0.272 Thread 0x0000000002f31000 Exception <a 'java/security/PrivilegedActionException'> (0x00000000eb394430) thrown at [C:\re\workspace\8-2-build-windows-amd64-cygwin\jdk8u141\9370\hotspot\src\share\vm\prims\jvm.cpp, line 1390]
Event: 0.272 Thread 0x0000000002f31000 Exception <a 'java/security/PrivilegedActionException'> (0x00000000eb394640) thrown at [C:\re\workspace\8-2-build-windows-amd64-cygwin\jdk8u141\9370\hotspot\src\share\vm\prims\jvm.cpp, line 1390]
Event: 0.296 Thread 0x0000000002f31000 Exception <a 'java/io/FileNotFoundException'> (0x00000000eb39a888) thrown at [C:\re\workspace\8-2-build-windows-amd64-cygwin\jdk8u141\9370\hotspot\src\share\vm\prims\jni.cpp, line 709]
Event: 0.385 Thread 0x0000000002f31000 Exception <a 'java/lang/NoSuchFieldError': method resolution failed> (0x00000000eb4babd8) thrown at [C:\re\workspace\8-2-build-windows-amd64-cygwin\jdk8u141\9370\hotspot\src\share\vm\prims\methodHandles.cpp, line 1146]

Events (10 events):
Event: 0.352 loading class java/lang/invoke/DelegatingMethodHandle done
Event: 0.352 loading class java/lang/invoke/MethodHandleImpl$AsVarargsCollector done
Event: 0.353 loading class java/lang/invoke/WrongMethodTypeException
Event: 0.353 loading class java/lang/invoke/WrongMethodTypeException done
Event: 0.357 loading class java/lang/invoke/MethodHandleImpl$Lazy
Event: 0.357 loading class java/lang/invoke/MethodHandleImpl$Lazy done
Event: 0.358 loading class java/lang/invoke/MethodHandleImpl$IntrinsicMethodHandle
Event: 0.358 loading class java/lang/invoke/MethodHandleImpl$IntrinsicMethodHandle done
Event: 0.385 loading class java/lang/NoSuchFieldError
Event: 0.385 loading class java/lang/NoSuchFieldError done


Dynamic libraries:
0x00007ff6d92d0000 - 0x00007ff6d9307000 	C:\Program Files\Java\jdk1.8.0_141\bin\java.exe
0x00007ffb6fb50000 - 0x00007ffb6fd21000 	C:\WINDOWS\SYSTEM32\ntdll.dll
0x00007ffb6ed20000 - 0x00007ffb6edcc000 	C:\WINDOWS\System32\KERNEL32.DLL
0x00007ffb6c340000 - 0x00007ffb6c55d000 	C:\WINDOWS\System32\KERNELBASE.dll
0x00007ffb6f4a0000 - 0x00007ffb6f542000 	C:\WINDOWS\System32\ADVAPI32.dll
0x00007ffb6f650000 - 0x00007ffb6f6ee000 	C:\WINDOWS\System32\msvcrt.dll
0x00007ffb6e930000 - 0x00007ffb6e989000 	C:\WINDOWS\System32\sechost.dll
0x00007ffb6eb30000 - 0x00007ffb6ec51000 	C:\WINDOWS\System32\RPCRT4.dll
0x00007ffb6d1a0000 - 0x00007ffb6d305000 	C:\WINDOWS\System32\USER32.dll
0x00007ffb6c930000 - 0x00007ffb6c94e000 	C:\WINDOWS\System32\win32u.dll
0x00007ffb6f610000 - 0x00007ffb6f644000 	C:\WINDOWS\System32\GDI32.dll
0x00007ffb6c1c0000 - 0x00007ffb6c340000 	C:\WINDOWS\System32\gdi32full.dll
0x00007ffb61340000 - 0x00007ffb615ba000 	C:\WINDOWS\WinSxS\amd64_microsoft.windows.common-controls_6595b64144ccf1df_6.0.14393.953_none_42151e83c686086b\COMCTL32.dll
0x00007ffb6f090000 - 0x00007ffb6f358000 	C:\WINDOWS\System32\combase.dll
0x00007ffb6c5c0000 - 0x00007ffb6c6b5000 	C:\WINDOWS\System32\ucrtbase.dll
0x00007ffb6c150000 - 0x00007ffb6c1ba000 	C:\WINDOWS\System32\bcryptPrimitives.dll
0x00007ffb6f5e0000 - 0x00007ffb6f60e000 	C:\WINDOWS\System32\IMM32.DLL
0x00000000518c0000 - 0x0000000051992000 	C:\Program Files\Java\jdk1.8.0_141\jre\bin\msvcr100.dll
0x00000000519a0000 - 0x000000005223d000 	C:\Program Files\Java\jdk1.8.0_141\jre\bin\server\jvm.dll
0x00007ffb6f550000 - 0x00007ffb6f558000 	C:\WINDOWS\System32\PSAPI.DLL
0x00007ffb6a230000 - 0x00007ffb6a253000 	C:\WINDOWS\SYSTEM32\WINMM.dll
0x00007ffb6a340000 - 0x00007ffb6a349000 	C:\WINDOWS\SYSTEM32\WSOCK32.dll
0x00007ffb608b0000 - 0x00007ffb608ba000 	C:\WINDOWS\SYSTEM32\VERSION.dll
0x00007ffb6f570000 - 0x00007ffb6f5da000 	C:\WINDOWS\System32\WS2_32.dll
0x0000000001100000 - 0x000000000112b000 	C:\WINDOWS\SYSTEM32\WINMMBASE.dll
0x00007ffb6c050000 - 0x00007ffb6c092000 	C:\WINDOWS\System32\cfgmgr32.dll
0x0000000051870000 - 0x000000005187f000 	C:\Program Files\Java\jdk1.8.0_141\jre\bin\verify.dll
0x0000000051840000 - 0x0000000051869000 	C:\Program Files\Java\jdk1.8.0_141\jre\bin\java.dll
0x0000000051820000 - 0x0000000051836000 	C:\Program Files\Java\jdk1.8.0_141\jre\bin\zip.dll
0x00007ffb6d310000 - 0x00007ffb6e818000 	C:\WINDOWS\System32\SHELL32.dll
0x00007ffb6ca00000 - 0x00007ffb6d0da000 	C:\WINDOWS\System32\windows.storage.dll
0x00007ffb6bff0000 - 0x00007ffb6c03c000 	C:\WINDOWS\System32\powrprof.dll
0x00007ffb6f030000 - 0x00007ffb6f082000 	C:\WINDOWS\System32\shlwapi.dll
0x00007ffb6c040000 - 0x00007ffb6c04f000 	C:\WINDOWS\System32\kernel.appcore.dll
0x00007ffb6c950000 - 0x00007ffb6c9f9000 	C:\WINDOWS\System32\shcore.dll
0x00007ffb6bfd0000 - 0x00007ffb6bfe4000 	C:\WINDOWS\System32\profapi.dll
0x0000000051640000 - 0x00000000517d8000 	C:\Program Files\Java\jdk1.8.0_141\jre\bin\awt.dll
0x00007ffb6ec60000 - 0x00007ffb6ed1f000 	C:\WINDOWS\System32\OLEAUT32.dll
0x00007ffb6c890000 - 0x00007ffb6c92c000 	C:\WINDOWS\System32\msvcp_win.dll
0x00007ffb6a450000 - 0x00007ffb6a4ca000 	C:\WINDOWS\SYSTEM32\apphelp.dll

VM Arguments:
jvm_args: -Dfile.encoding=UTF-8 
java_command: PanelPrincipal
java_class_path (initial): C:\Program Files\NetBeans 8.2\java\modules\ext\AbsoluteLayout.jar;C:\Users\gerardo isaiflores\Desktop\Proyecto Programación II\MiniVisio\build\classes
Launcher Type: SUN_STANDARD

Environment Variables:
PATH=C:\ProgramData\Oracle\Java\javapath;C:\Program Files (x86)\Intel\TXE Components\TCS\;C:\Program Files\Intel\TXE Components\TCS\;C:\WINDOWS\system32;C:\WINDOWS;C:\WINDOWS\System32\Wbem;C:\WINDOWS\System32\WindowsPowerShell\v1.0\;C:\Program Files\Intel\TXE Components\DAL\;C:\Program Files (x86)\Intel\TXE Components\DAL\;C:\Program Files\Intel\TXE Components\IPT\;C:\Program Files (x86)\Intel\TXE Components\IPT\;C:\Users\gerardo isaiflores\AppData\Local\Microsoft\WindowsApps;
USERNAME=gerardo isaiflores
OS=Windows_NT
PROCESSOR_IDENTIFIER=Intel64 Family 6 Model 76 Stepping 4, GenuineIntel



---------------  S Y S T E M  ---------------

OS: Windows 10.0 , 64 bit Build 14393 (10.0.14393.1198)

CPU:total 4 (initial active 4) (4 cores per cpu, 1 threads per core) family 6 model 76 stepping 4, cmov, cx8, fxsr, mmx, sse, sse2, sse3, ssse3, sse4.1, sse4.2, popcnt, aes, clmul, erms, 3dnowpref, tsc, tscinvbit

Memory: 4k page, physical 4095940k(292536k free), swap 4095940k(5140k free)

vm_info: Java HotSpot(TM) 64-Bit Server VM (25.141-b15) for windows-amd64 JRE (1.8.0_141-b15), built on Jul 12 2017 04:25:12 by "java_re" with MS VC++ 10.0 (VS2010)

time: Mon Nov 20 20:14:00 2017
elapsed time: 0 seconds (0d 0h 0m 0s)

