#
# There is insufficient memory for the Java Runtime Environment to continue.
# Native memory allocation (malloc) failed to allocate 1048576 bytes for AllocateHeap
# Possible reasons:
#   The system is out of physical RAM or swap space
#   In 32 bit mode, the process size limit was hit
# Possible solutions:
#   Reduce memory load on the system
#   Increase physical memory or swap space
#   Check if swap backing store is full
#   Use 64 bit Java on a 64 bit OS
#   Decrease Java heap size (-Xmx/-Xms)
#   Decrease number of Java threads
#   Decrease Java thread stack sizes (-Xss)
#   Set larger code cache with -XX:ReservedCodeCacheSize=
# This output file may be truncated or incomplete.
#
#  Out of Memory Error (memory/allocation.inline.hpp:61), pid=2108, tid=0x0000000000001d7c
#
# JRE version:  (8.0_141-b15) (build )
# Java VM: Java HotSpot(TM) 64-Bit Server VM (25.141-b15 mixed mode windows-amd64 compressed oops)
# Failed to write core dump. Minidumps are not enabled by default on client versions of Windows
#

---------------  T H R E A D  ---------------

Current thread (0x0000000002ee1000):  JavaThread "Unknown thread" [_thread_in_vm, id=7548, stack(0x0000000002de0000,0x0000000002ee0000)]

Stack: [0x0000000002de0000,0x0000000002ee0000]
[error occurred during error reporting (printing stack bounds), id 0xc0000005]

Native frames: (J=compiled Java code, j=interpreted, Vv=VM code, C=native code)


---------------  P R O C E S S  ---------------

Java Threads: ( => current thread )

Other Threads:

=>0x0000000002ee1000 (exited) JavaThread "Unknown thread" [_thread_in_vm, id=7548, stack(0x0000000002de0000,0x0000000002ee0000)]

VM state:not at safepoint (normal execution)

VM Mutex/Monitor currently owned by a thread: None

Heap:
 PSYoungGen      total 18944K, used 327K [0x00000000eb300000, 0x00000000ec800000, 0x0000000100000000)
  eden space 16384K, 2% used [0x00000000eb300000,0x00000000eb351ec8,0x00000000ec300000)
  from space 2560K, 0% used [0x00000000ec580000,0x00000000ec580000,0x00000000ec800000)
  to   space 2560K, 0% used [0x00000000ec300000,0x00000000ec300000,0x00000000ec580000)
 ParOldGen       total 44032K, used 0K [0x00000000c1800000, 0x00000000c4300000, 0x00000000eb300000)
  object space 44032K, 0% used [0x00000000c1800000,0x00000000c1800000,0x00000000c4300000)
 Metaspace       used 770K, capacity 4480K, committed 4480K, reserved 1056768K
  class space    used 75K, capacity 384K, committed 384K, reserved 1048576K

Card table byte_map: [0x00000000123a0000,0x00000000125a0000] byte_map_base: 0x0000000011d94000

Marking Bits: (ParMarkBitMap*) 0x00000000521bd850
 Begin Bits: [0x0000000012af0000, 0x0000000013a90000)
 End Bits:   [0x0000000013a90000, 0x0000000014a30000)

Polling page: 0x0000000000df0000

CodeCache: size=245760Kb used=327Kb max_used=327Kb free=245432Kb
 bounds [0x0000000002fe0000, 0x0000000003250000, 0x0000000011fe0000]
 total_blobs=57 nmethods=0 adapters=38
 compilation: enabled

Compilation events (0 events):
No events

GC Heap History (0 events):
No events

Deoptimization events (0 events):
No events

Internal exceptions (0 events):
No events

Events (10 events):
Event: 0.098 loading class java/lang/Short
Event: 0.099 loading class java/lang/Short done
Event: 0.099 loading class java/lang/Integer
Event: 0.099 loading class java/lang/Integer done
Event: 0.099 loading class java/lang/Long
Event: 0.100 loading class java/lang/Long done
Event: 0.102 loading class java/lang/NullPointerException
Event: 0.103 loading class java/lang/NullPointerException done
Event: 0.103 loading class java/lang/ArithmeticException
Event: 0.103 loading class java/lang/ArithmeticException done


Dynamic libraries:
0x00007ff7b33d0000 - 0x00007ff7b3407000 	C:\Program Files\Java\jdk1.8.0_141\bin\java.exe
0x00007ffb6fb50000 - 0x00007ffb6fd21000 	C:\WINDOWS\SYSTEM32\ntdll.dll
0x00007ffb6ed20000 - 0x00007ffb6edcc000 	C:\WINDOWS\System32\KERNEL32.DLL
0x00007ffb6c340000 - 0x00007ffb6c55d000 	C:\WINDOWS\System32\KERNELBASE.dll
0x00007ffb6f4a0000 - 0x00007ffb6f542000 	C:\WINDOWS\System32\ADVAPI32.dll
0x00007ffb6f650000 - 0x00007ffb6f6ee000 	C:\WINDOWS\System32\msvcrt.dll
0x00007ffb6e930000 - 0x00007ffb6e989000 	C:\WINDOWS\System32\sechost.dll
0x00007ffb6eb30000 - 0x00007ffb6ec51000 	C:\WINDOWS\System32\RPCRT4.dll
0x00007ffb6d1a0000 - 0x00007ffb6d305000 	C:\WINDOWS\System32\USER32.dll
0x00007ffb6c930000 - 0x00007ffb6c94e000 	C:\WINDOWS\System32\win32u.dll
0x00007ffb6f610000 - 0x00007ffb6f644000 	C:\WINDOWS\System32\GDI32.dll
0x00007ffb6c1c0000 - 0x00007ffb6c340000 	C:\WINDOWS\System32\gdi32full.dll
0x00007ffb61340000 - 0x00007ffb615ba000 	C:\WINDOWS\WinSxS\amd64_microsoft.windows.common-controls_6595b64144ccf1df_6.0.14393.953_none_42151e83c686086b\COMCTL32.dll
0x00007ffb6f090000 - 0x00007ffb6f358000 	C:\WINDOWS\System32\combase.dll
0x00007ffb6c5c0000 - 0x00007ffb6c6b5000 	C:\WINDOWS\System32\ucrtbase.dll
0x00007ffb6c150000 - 0x00007ffb6c1ba000 	C:\WINDOWS\System32\bcryptPrimitives.dll
0x00007ffb6f5e0000 - 0x00007ffb6f60e000 	C:\WINDOWS\System32\IMM32.DLL
0x00000000518c0000 - 0x0000000051992000 	C:\Program Files\Java\jdk1.8.0_141\jre\bin\msvcr100.dll
0x00000000519a0000 - 0x000000005223d000 	C:\Program Files\Java\jdk1.8.0_141\jre\bin\server\jvm.dll
0x00007ffb6f550000 - 0x00007ffb6f558000 	C:\WINDOWS\System32\PSAPI.DLL
0x00007ffb6a340000 - 0x00007ffb6a349000 	C:\WINDOWS\SYSTEM32\WSOCK32.dll
0x00007ffb6a230000 - 0x00007ffb6a253000 	C:\WINDOWS\SYSTEM32\WINMM.dll
0x00007ffb608b0000 - 0x00007ffb608ba000 	C:\WINDOWS\SYSTEM32\VERSION.dll
0x00007ffb6f570000 - 0x00007ffb6f5da000 	C:\WINDOWS\System32\WS2_32.dll
0x00007ffb69d20000 - 0x00007ffb69d4b000 	C:\WINDOWS\SYSTEM32\winmmbase.dll
0x00007ffb6c050000 - 0x00007ffb6c092000 	C:\WINDOWS\System32\cfgmgr32.dll
0x0000000051870000 - 0x000000005187f000 	C:\Program Files\Java\jdk1.8.0_141\jre\bin\verify.dll
0x0000000051840000 - 0x0000000051869000 	C:\Program Files\Java\jdk1.8.0_141\jre\bin\java.dll
0x0000000051820000 - 0x0000000051836000 	C:\Program Files\Java\jdk1.8.0_141\jre\bin\zip.dll

VM Arguments:
jvm_args: -Dfile.encoding=UTF-8 
java_command: PanelPrincipal
java_class_path (initial): C:\Program Files\NetBeans 8.2\java\modules\ext\AbsoluteLayout.jar;C:\Users\gerardo isaiflores\Desktop\Proyecto Programación II\MiniVisio\build\classes
Launcher Type: SUN_STANDARD

Environment Variables:
PATH=C:\ProgramData\Oracle\Java\javapath;C:\Program Files (x86)\Intel\TXE Components\TCS\;C:\Program Files\Intel\TXE Components\TCS\;C:\WINDOWS\system32;C:\WINDOWS;C:\WINDOWS\System32\Wbem;C:\WINDOWS\System32\WindowsPowerShell\v1.0\;C:\Program Files\Intel\TXE Components\DAL\;C:\Program Files (x86)\Intel\TXE Components\DAL\;C:\Program Files\Intel\TXE Components\IPT\;C:\Program Files (x86)\Intel\TXE Components\IPT\;C:\Users\gerardo isaiflores\AppData\Local\Microsoft\WindowsApps;
USERNAME=gerardo isaiflores
OS=Windows_NT
PROCESSOR_IDENTIFIER=Intel64 Family 6 Model 76 Stepping 4, GenuineIntel



---------------  S Y S T E M  ---------------

OS: Windows 10.0 , 64 bit Build 14393 (10.0.14393.1198)

CPU:total 4 (initial active 4) (4 cores per cpu, 1 threads per core) family 6 model 76 stepping 4, cmov, cx8, fxsr, mmx, sse, sse2, sse3, ssse3, sse4.1, sse4.2, popcnt, aes, clmul, erms, 3dnowpref, tsc, tscinvbit

Memory: 4k page, physical 4095940k(254804k free), swap 4095940k(5440k free)

vm_info: Java HotSpot(TM) 64-Bit Server VM (25.141-b15) for windows-amd64 JRE (1.8.0_141-b15), built on Jul 12 2017 04:25:12 by "java_re" with MS VC++ 10.0 (VS2010)

time: Mon Nov 20 19:58:59 2017
elapsed time: 0 seconds (0d 0h 0m 0s)

